<?xml version="1.0" encoding="UTF-8"?>
<testsuite name="Lab04.lab04_by_08.AppTest" tests="1" skipped="0" failures="0" errors="0" timestamp="2025-03-21T09:26:15" hostname="DESKTOP-4SD8RBN" time="0.002">
  <properties/>
  <testcase name="testApp" classname="Lab04.lab04_by_08.AppTest" time="0.002"/>
  <system-out><![CDATA[]]></system-out>
  <system-err><![CDATA[]]></system-err>
</testsuite>
